<?xml version="1.0" encoding="UTF-8"?>
<!-- Generated by org.testng.reporters.JUnitReportReporter -->
<testsuite hostname="LAPTOP-RT468NBA" failures="0" tests="4" name="api.test.UserTests" time="11.967" errors="0" timestamp="2024-07-24T11:14:33 IST" skipped="0">
  <testcase classname="api.test.UserTests" name="testPostUser" time="5.809"/>
  <testcase classname="api.test.UserTests" name="testGetUserByName" time="1.444"/>
  <testcase classname="api.test.UserTests" name="testUpdateUserByName" time="3.280"/>
  <testcase classname="api.test.UserTests" name="testDeleteUserByName" time="1.434"/>
</testsuite> <!-- api.test.UserTests -->
