<?xml version="1.0" encoding="UTF-8"?>
<!-- Generated by org.testng.reporters.JUnitReportReporter -->
<testsuite hostname="LAPTOP-RT468NBA" failures="0" tests="15" name="api.test.DataDrivenTests" time="26.725" errors="0" timestamp="2024-07-21T22:31:27 IST" skipped="0">
  <testcase classname="api.test.DataDrivenTests" name="testPostUser" time="1.502"/>
  <testcase classname="api.test.DataDrivenTests" name="testPostUser" time="4.846"/>
  <testcase classname="api.test.DataDrivenTests" name="testPostUser" time="1.706"/>
  <testcase classname="api.test.DataDrivenTests" name="testPostUser" time="1.493"/>
  <testcase classname="api.test.DataDrivenTests" name="testPostUser" time="1.471"/>
  <testcase classname="api.test.DataDrivenTests" name="testGetUser" time="1.905"/>
  <testcase classname="api.test.DataDrivenTests" name="testGetUser" time="1.448"/>
  <testcase classname="api.test.DataDrivenTests" name="testGetUser" time="1.504"/>
  <testcase classname="api.test.DataDrivenTests" name="testGetUser" time="1.505"/>
  <testcase classname="api.test.DataDrivenTests" name="testGetUser" time="1.680"/>
  <testcase classname="api.test.DataDrivenTests" name="testDeleteUser" time="1.510"/>
  <testcase classname="api.test.DataDrivenTests" name="testDeleteUser" time="1.469"/>
  <testcase classname="api.test.DataDrivenTests" name="testDeleteUser" time="1.499"/>
  <testcase classname="api.test.DataDrivenTests" name="testDeleteUser" time="1.590"/>
  <testcase classname="api.test.DataDrivenTests" name="testDeleteUser" time="1.597"/>
</testsuite> <!-- api.test.DataDrivenTests -->
